# JRE version: OpenJDK Runtime Environment (11.0.10) (build 11.0.10+0-b96-7249189)
# Java VM: OpenJDK 64-Bit Server VM (11.0.10+0-b96-7249189, mixed mode, tiered, compressed oops, g1 gc, windows-amd64)
Heap:
 garbage-first heap   total 77824K, used 37827K [0x0000000080000000, 0x0000000100000000)
  region size 1024K, 3 young (3072K), 3 survivors (3072K)
 Metaspace       used 37595K, capacity 38560K, committed 38784K, reserved 1083392K
  class space    used 4868K, capacity 5207K, committed 5248K, reserved 1048576K
GC Heap History (20 events):
Event: 2.213 GC heap after
{Heap after GC invocations=3 (full 0):
 garbage-first heap   total 53248K, used 9547K [0x0000000080000000, 0x0000000100000000)
  region size 1024K, 2 young (2048K), 2 survivors (2048K)
 Metaspace       used 10717K, capacity 11003K, committed 11264K, reserved 1058816K
  class space    used 1123K, capacity 1206K, committed 1280K, reserved 1048576K
}
Event: 2.564 GC heap before
{Heap before GC invocations=3 (full 0):
 garbage-first heap   total 53248K, used 33099K [0x0000000080000000, 0x0000000100000000)
  region size 1024K, 25 young (25600K), 2 survivors (2048K)
 Metaspace       used 10854K, capacity 11067K, committed 11264K, reserved 1058816K
  class space    used 1130K, capacity 1206K, committed 1280K, reserved 1048576K
}
Event: 2.571 GC heap after
{Heap after GC invocations=4 (full 0):
 garbage-first heap   total 53248K, used 13553K [0x0000000080000000, 0x0000000100000000)
  region size 1024K, 4 young (4096K), 4 survivors (4096K)
 Metaspace       used 10854K, capacity 11067K, committed 11264K, reserved 1058816K
  class space    used 1130K, capacity 1206K, committed 1280K, reserved 1048576K
}
Event: 3.698 GC heap before
{Heap before GC invocations=4 (full 0):
 garbage-first heap   total 53248K, used 34033K [0x0000000080000000, 0x0000000100000000)
  region size 1024K, 24 young (24576K), 4 survivors (4096K)
 Metaspace       used 15824K, capacity 16184K, committed 16384K, reserved 1062912K
  class space    used 1807K, capacity 1933K, committed 2048K, reserved 1048576K
}
Event: 3.709 GC heap after
{Heap after GC invocations=5 (full 0):
 garbage-first heap   total 53248K, used 15896K [0x0000000080000000, 0x0000000100000000)
  region size 1024K, 2 young (2048K), 2 survivors (2048K)
 Metaspace       used 15824K, capacity 16184K, committed 16384K, reserved 1062912K
  class space    used 1807K, capacity 1933K, committed 2048K, reserved 1048576K
}
Event: 4.134 GC heap before
{Heap before GC invocations=5 (full 0):
 garbage-first heap   total 53248K, used 35352K [0x0000000080000000, 0x0000000100000000)
  region size 1024K, 21 young (21504K), 2 survivors (2048K)
 Metaspace       used 18974K, capacity 19357K, committed 19584K, reserved 1067008K
  class space    used 2285K, capacity 2416K, committed 2432K, reserved 1048576K
}
Event: 4.140 GC heap after
{Heap after GC invocations=6 (full 0):
 garbage-first heap   total 53248K, used 16886K [0x0000000080000000, 0x0000000100000000)
  region size 1024K, 2 young (2048K), 2 survivors (2048K)
 Metaspace       used 18974K, capacity 19357K, committed 19584K, reserved 1067008K
  class space    used 2285K, capacity 2416K, committed 2432K, reserved 1048576K
}
Event: 4.333 GC heap before
{Heap before GC invocations=6 (full 0):
 garbage-first heap   total 53248K, used 30198K [0x0000000080000000, 0x0000000100000000)
  region size 1024K, 16 young (16384K), 2 survivors (2048K)
 Metaspace       used 20582K, capacity 21122K, committed 21248K, reserved 1067008K
  class space    used 2520K, capacity 2733K, committed 2816K, reserved 1048576K
}
Event: 4.337 GC heap after
{Heap after GC invocations=7 (full 0):
 garbage-first heap   total 64512K, used 17215K [0x0000000080000000, 0x0000000100000000)
  region size 1024K, 2 young (2048K), 2 survivors (2048K)
 Metaspace       used 20582K, capacity 21122K, committed 21248K, reserved 1067008K
  class space    used 2520K, capacity 2733K, committed 2816K, reserved 1048576K
}
Event: 5.148 GC heap before
{Heap before GC invocations=8 (full 0):
 garbage-first heap   total 64512K, used 41791K [0x0000000080000000, 0x0000000100000000)
  region size 1024K, 26 young (26624K), 2 survivors (2048K)
 Metaspace       used 23101K, capacity 23651K, committed 23936K, reserved 1071104K
  class space    used 2943K, capacity 3153K, committed 3200K, reserved 1048576K
}
Event: 5.153 GC heap after
{Heap after GC invocations=9 (full 0):
 garbage-first heap   total 64512K, used 18019K [0x0000000080000000, 0x0000000100000000)
  region size 1024K, 3 young (3072K), 3 survivors (3072K)
 Metaspace       used 23101K, capacity 23651K, committed 23936K, reserved 1071104K
  class space    used 2943K, capacity 3153K, committed 3200K, reserved 1048576K
}
Event: 5.653 GC heap before
{Heap before GC invocations=9 (full 0):
 garbage-first heap   total 64512K, used 42595K [0x0000000080000000, 0x0000000100000000)
  region size 1024K, 27 young (27648K), 3 survivors (3072K)
 Metaspace       used 26008K, capacity 26636K, committed 26752K, reserved 1073152K
  class space    used 3406K, capacity 3640K, committed 3712K, reserved 1048576K
}
Event: 5.660 GC heap after
{Heap after GC invocations=10 (full 0):
 garbage-first heap   total 64512K, used 19419K [0x0000000080000000, 0x0000000100000000)
  region size 1024K, 3 young (3072K), 3 survivors (3072K)
 Metaspace       used 26008K, capacity 26636K, committed 26752K, reserved 1073152K
  class space    used 3406K, capacity 3640K, committed 3712K, reserved 1048576K
}
Event: 6.212 GC heap before
{Heap before GC invocations=10 (full 0):
 garbage-first heap   total 64512K, used 54235K [0x0000000080000000, 0x0000000100000000)
  region size 1024K, 28 young (28672K), 3 survivors (3072K)
 Metaspace       used 27721K, capacity 28611K, committed 28928K, reserved 1075200K
  class space    used 3682K, capacity 4000K, committed 4096K, reserved 1048576K
}
Event: 6.224 GC heap after
{Heap after GC invocations=11 (full 0):
 garbage-first heap   total 64512K, used 32802K [0x0000000080000000, 0x0000000100000000)
  region size 1024K, 4 young (4096K), 4 survivors (4096K)
 Metaspace       used 27721K, capacity 28611K, committed 28928K, reserved 1075200K
  class space    used 3682K, capacity 4000K, committed 4096K, reserved 1048576K
}
Event: 6.587 GC heap before
{Heap before GC invocations=11 (full 0):
 garbage-first heap   total 64512K, used 51234K [0x0000000080000000, 0x0000000100000000)
  region size 1024K, 22 young (22528K), 4 survivors (4096K)
 Metaspace       used 29825K, capacity 30692K, committed 30976K, reserved 1075200K
  class space    used 4011K, capacity 4309K, committed 4352K, reserved 1048576K
}
Event: 6.594 GC heap after
{Heap after GC invocations=12 (full 0):
 garbage-first heap   total 64512K, used 33846K [0x0000000080000000, 0x0000000100000000)
  region size 1024K, 1 young (1024K), 1 survivors (1024K)
 Metaspace       used 29825K, capacity 30692K, committed 30976K, reserved 1075200K
  class space    used 4011K, capacity 4309K, committed 4352K, reserved 1048576K
}
Event: 7.229 GC heap before
{Heap before GC invocations=13 (full 0):
 garbage-first heap   total 64512K, used 50230K [0x0000000080000000, 0x0000000100000000)
  region size 1024K, 18 young (18432K), 1 survivors (1024K)
 Metaspace       used 33369K, capacity 34192K, committed 34432K, reserved 1079296K
  class space    used 4423K, capacity 4730K, committed 4736K, reserved 1048576K
}
Event: 7.235 GC heap after
{Heap after GC invocations=14 (full 0):
 garbage-first heap   total 64512K, used 35352K [0x0000000080000000, 0x0000000100000000)
  region size 1024K, 3 young (3072K), 3 survivors (3072K)
 Metaspace       used 33369K, capacity 34192K, committed 34432K, reserved 1079296K
  class space    used 4423K, capacity 4730K, committed 4736K, reserved 1048576K
}
Event: 7.757 GC heap before
{Heap before GC invocations=14 (full 0):
 garbage-first heap   total 64512K, used 50712K [0x0000000080000000, 0x0000000100000000)
  region size 1024K, 19 young (19456K), 3 survivors (3072K)
 Metaspace       used 37595K, capacity 38560K, committed 38784K, reserved 1083392K
  class space    used 4868K, capacity 5207K, committed 5248K, reserved 1048576K
}

