# JRE version: OpenJDK Runtime Environment (11.0.10) (build 11.0.10+0-b96-7249189)
# Java VM: OpenJDK 64-Bit Server VM (11.0.10+0-b96-7249189, mixed mode, tiered, compressed oops, g1 gc, windows-amd64)
Heap:
 garbage-first heap   total 94208K, used 39880K [0x0000000080000000, 0x0000000100000000)
  region size 1024K, 2 young (2048K), 2 survivors (2048K)
 Metaspace       used 37619K, capacity 38645K, committed 38912K, reserved 1083392K
  class space    used 4882K, capacity 5253K, committed 5376K, reserved 1048576K
GC Heap History (20 events):
Event: 1.959 GC heap after
{Heap after GC invocations=4 (full 0):
 garbage-first heap   total 53248K, used 14097K [0x0000000080000000, 0x0000000100000000)
  region size 1024K, 4 young (4096K), 4 survivors (4096K)
 Metaspace       used 10901K, capacity 11187K, committed 11264K, reserved 1058816K
  class space    used 1154K, capacity 1246K, committed 1280K, reserved 1048576K
}
Event: 3.023 GC heap before
{Heap before GC invocations=4 (full 0):
 garbage-first heap   total 53248K, used 34577K [0x0000000080000000, 0x0000000100000000)
  region size 1024K, 24 young (24576K), 4 survivors (4096K)
 Metaspace       used 17022K, capacity 17459K, committed 17536K, reserved 1064960K
  class space    used 1967K, capacity 2099K, committed 2176K, reserved 1048576K
}
Event: 3.033 GC heap after
{Heap after GC invocations=5 (full 0):
 garbage-first heap   total 53248K, used 15956K [0x0000000080000000, 0x0000000100000000)
  region size 1024K, 3 young (3072K), 3 survivors (3072K)
 Metaspace       used 17022K, capacity 17459K, committed 17536K, reserved 1064960K
  class space    used 1967K, capacity 2099K, committed 2176K, reserved 1048576K
}
Event: 3.372 GC heap before
{Heap before GC invocations=5 (full 0):
 garbage-first heap   total 53248K, used 35412K [0x0000000080000000, 0x0000000100000000)
  region size 1024K, 22 young (22528K), 3 survivors (3072K)
 Metaspace       used 19196K, capacity 19648K, committed 19968K, reserved 1067008K
  class space    used 2328K, capacity 2449K, committed 2560K, reserved 1048576K
}
Event: 3.397 GC heap after
{Heap after GC invocations=6 (full 0):
 garbage-first heap   total 64512K, used 16877K [0x0000000080000000, 0x0000000100000000)
  region size 1024K, 1 young (1024K), 1 survivors (1024K)
 Metaspace       used 19196K, capacity 19648K, committed 19968K, reserved 1067008K
  class space    used 2328K, capacity 2449K, committed 2560K, reserved 1048576K
}
Event: 3.625 GC heap before
{Heap before GC invocations=6 (full 0):
 garbage-first heap   total 64512K, used 27117K [0x0000000080000000, 0x0000000100000000)
  region size 1024K, 12 young (12288K), 1 survivors (1024K)
 Metaspace       used 20594K, capacity 21090K, committed 21248K, reserved 1067008K
  class space    used 2518K, capacity 2701K, committed 2816K, reserved 1048576K
}
Event: 3.631 GC heap after
{Heap after GC invocations=7 (full 0):
 garbage-first heap   total 64512K, used 16920K [0x0000000080000000, 0x0000000100000000)
  region size 1024K, 1 young (1024K), 1 survivors (1024K)
 Metaspace       used 20594K, capacity 21090K, committed 21248K, reserved 1067008K
  class space    used 2518K, capacity 2701K, committed 2816K, reserved 1048576K
}
Event: 4.210 GC heap before
{Heap before GC invocations=8 (full 0):
 garbage-first heap   total 64512K, used 40472K [0x0000000080000000, 0x0000000100000000)
  region size 1024K, 24 young (24576K), 1 survivors (1024K)
 Metaspace       used 22817K, capacity 23415K, committed 23680K, reserved 1069056K
  class space    used 2907K, capacity 3118K, committed 3200K, reserved 1048576K
}
Event: 4.215 GC heap after
{Heap after GC invocations=9 (full 0):
 garbage-first heap   total 64512K, used 17663K [0x0000000080000000, 0x0000000100000000)
  region size 1024K, 2 young (2048K), 2 survivors (2048K)
 Metaspace       used 22817K, capacity 23415K, committed 23680K, reserved 1069056K
  class space    used 2907K, capacity 3118K, committed 3200K, reserved 1048576K
}
Event: 4.782 GC heap before
{Heap before GC invocations=9 (full 0):
 garbage-first heap   total 64512K, used 41215K [0x0000000080000000, 0x0000000100000000)
  region size 1024K, 25 young (25600K), 2 survivors (2048K)
 Metaspace       used 25604K, capacity 26181K, committed 26368K, reserved 1073152K
  class space    used 3340K, capacity 3552K, committed 3584K, reserved 1048576K
}
Event: 4.787 GC heap after
{Heap after GC invocations=10 (full 0):
 garbage-first heap   total 64512K, used 18655K [0x0000000080000000, 0x0000000100000000)
  region size 1024K, 3 young (3072K), 3 survivors (3072K)
 Metaspace       used 25604K, capacity 26181K, committed 26368K, reserved 1073152K
  class space    used 3340K, capacity 3552K, committed 3584K, reserved 1048576K
}
Event: 5.251 GC heap before
{Heap before GC invocations=10 (full 0):
 garbage-first heap   total 64512K, used 52447K [0x0000000080000000, 0x0000000100000000)
  region size 1024K, 27 young (27648K), 3 survivors (3072K)
 Metaspace       used 27473K, capacity 28200K, committed 28288K, reserved 1073152K
  class space    used 3642K, capacity 3928K, committed 3968K, reserved 1048576K
}
Event: 5.259 GC heap after
{Heap after GC invocations=11 (full 0):
 garbage-first heap   total 77824K, used 31899K [0x0000000080000000, 0x0000000100000000)
  region size 1024K, 4 young (4096K), 4 survivors (4096K)
 Metaspace       used 27473K, capacity 28200K, committed 28288K, reserved 1073152K
  class space    used 3642K, capacity 3928K, committed 3968K, reserved 1048576K
}
Event: 5.934 GC heap before
{Heap before GC invocations=11 (full 0):
 garbage-first heap   total 77824K, used 56475K [0x0000000080000000, 0x0000000100000000)
  region size 1024K, 28 young (28672K), 4 survivors (4096K)
 Metaspace       used 29973K, capacity 30800K, committed 30976K, reserved 1075200K
  class space    used 4035K, capacity 4346K, committed 4352K, reserved 1048576K
}
Event: 5.940 GC heap after
{Heap after GC invocations=12 (full 0):
 garbage-first heap   total 77824K, used 32948K [0x0000000080000000, 0x0000000100000000)
  region size 1024K, 1 young (1024K), 1 survivors (1024K)
 Metaspace       used 29973K, capacity 30800K, committed 30976K, reserved 1075200K
  class space    used 4035K, capacity 4346K, committed 4352K, reserved 1048576K
}
Event: 6.484 GC heap before
{Heap before GC invocations=12 (full 0):
 garbage-first heap   total 77824K, used 49332K [0x0000000080000000, 0x0000000100000000)
  region size 1024K, 18 young (18432K), 1 survivors (1024K)
 Metaspace       used 34777K, capacity 35708K, committed 35840K, reserved 1081344K
  class space    used 4553K, capacity 4895K, committed 4992K, reserved 1048576K
}
Event: 6.496 GC heap after
{Heap after GC invocations=13 (full 0):
 garbage-first heap   total 77824K, used 34693K [0x0000000080000000, 0x0000000100000000)
  region size 1024K, 3 young (3072K), 3 survivors (3072K)
 Metaspace       used 34777K, capacity 35708K, committed 35840K, reserved 1081344K
  class space    used 4553K, capacity 4895K, committed 4992K, reserved 1048576K
}
Event: 7.044 GC heap before
{Heap before GC invocations=14 (full 0):
 garbage-first heap   total 77824K, used 56197K [0x0000000080000000, 0x0000000100000000)
  region size 1024K, 25 young (25600K), 3 survivors (3072K)
 Metaspace       used 37210K, capacity 38231K, committed 38528K, reserved 1083392K
  class space    used 4830K, capacity 5203K, committed 5248K, reserved 1048576K
}
Event: 7.061 GC heap after
{Heap after GC invocations=15 (full 0):
 garbage-first heap   total 77824K, used 37331K [0x0000000080000000, 0x0000000100000000)
  region size 1024K, 4 young (4096K), 4 survivors (4096K)
 Metaspace       used 37210K, capacity 38231K, committed 38528K, reserved 1083392K
  class space    used 4830K, capacity 5203K, committed 5248K, reserved 1048576K
}
Event: 7.250 GC heap before
{Heap before GC invocations=15 (full 0):
 garbage-first heap   total 77824K, used 51667K [0x0000000080000000, 0x0000000100000000)
  region size 1024K, 19 young (19456K), 4 survivors (4096K)
 Metaspace       used 37619K, capacity 38645K, committed 38912K, reserved 1083392K
  class space    used 4882K, capacity 5253K, committed 5376K, reserved 1048576K
}

