# JRE version: OpenJDK Runtime Environment (11.0.10) (build 11.0.10+0-b96-7249189)
# Java VM: OpenJDK 64-Bit Server VM (11.0.10+0-b96-7249189, mixed mode, tiered, compressed oops, g1 gc, windows-amd64)
Heap:
 garbage-first heap   total 164864K, used 94821K [0x0000000080000000, 0x0000000100000000)
  region size 1024K, 21 young (21504K), 3 survivors (3072K)
 Metaspace       used 66866K, capacity 68795K, committed 68864K, reserved 1110016K
  class space    used 8523K, capacity 9203K, committed 9216K, reserved 1048576K
GC Heap History (20 events):
Event: 15.944 GC heap before
{Heap before GC invocations=43 (full 0):
 garbage-first heap   total 83968K, used 62528K [0x0000000080000000, 0x0000000100000000)
  region size 1024K, 15 young (15360K), 2 survivors (2048K)
 Metaspace       used 44497K, capacity 45657K, committed 45696K, reserved 1089536K
  class space    used 5833K, capacity 6252K, committed 6272K, reserved 1048576K
}
Event: 15.949 GC heap after
{Heap after GC invocations=44 (full 0):
 garbage-first heap   total 83968K, used 49706K [0x0000000080000000, 0x0000000100000000)
  region size 1024K, 1 young (1024K), 1 survivors (1024K)
 Metaspace       used 44497K, capacity 45657K, committed 45696K, reserved 1089536K
  class space    used 5833K, capacity 6252K, committed 6272K, reserved 1048576K
}
Event: 16.300 GC heap before
{Heap before GC invocations=44 (full 0):
 garbage-first heap   total 83968K, used 64042K [0x0000000080000000, 0x0000000100000000)
  region size 1024K, 15 young (15360K), 1 survivors (1024K)
 Metaspace       used 44548K, capacity 45721K, committed 45952K, reserved 1089536K
  class space    used 5833K, capacity 6252K, committed 6272K, reserved 1048576K
}
Event: 16.307 GC heap after
{Heap after GC invocations=45 (full 0):
 garbage-first heap   total 83968K, used 50301K [0x0000000080000000, 0x0000000100000000)
  region size 1024K, 2 young (2048K), 2 survivors (2048K)
 Metaspace       used 44548K, capacity 45721K, committed 45952K, reserved 1089536K
  class space    used 5833K, capacity 6252K, committed 6272K, reserved 1048576K
}
Event: 16.511 GC heap before
{Heap before GC invocations=46 (full 0):
 garbage-first heap   total 83968K, used 64637K [0x0000000080000000, 0x0000000100000000)
  region size 1024K, 16 young (16384K), 2 survivors (2048K)
 Metaspace       used 44554K, capacity 45721K, committed 45952K, reserved 1089536K
  class space    used 5833K, capacity 6252K, committed 6272K, reserved 1048576K
}
Event: 16.519 GC heap after
{Heap after GC invocations=47 (full 0):
 garbage-first heap   total 122880K, used 50960K [0x0000000080000000, 0x0000000100000000)
  region size 1024K, 2 young (2048K), 2 survivors (2048K)
 Metaspace       used 44554K, capacity 45721K, committed 45952K, reserved 1089536K
  class space    used 5833K, capacity 6252K, committed 6272K, reserved 1048576K
}
Event: 16.826 GC heap before
{Heap before GC invocations=47 (full 0):
 garbage-first heap   total 122880K, used 83728K [0x0000000080000000, 0x0000000100000000)
  region size 1024K, 34 young (34816K), 2 survivors (2048K)
 Metaspace       used 44589K, capacity 45721K, committed 45952K, reserved 1089536K
  class space    used 5833K, capacity 6252K, committed 6272K, reserved 1048576K
}
Event: 16.834 GC heap after
{Heap after GC invocations=48 (full 0):
 garbage-first heap   total 122880K, used 51455K [0x0000000080000000, 0x0000000100000000)
  region size 1024K, 2 young (2048K), 2 survivors (2048K)
 Metaspace       used 44589K, capacity 45721K, committed 45952K, reserved 1089536K
  class space    used 5833K, capacity 6252K, committed 6272K, reserved 1048576K
}
Event: 18.216 GC heap before
{Heap before GC invocations=48 (full 0):
 garbage-first heap   total 122880K, used 94463K [0x0000000080000000, 0x0000000100000000)
  region size 1024K, 41 young (41984K), 2 survivors (2048K)
 Metaspace       used 47361K, capacity 48630K, committed 48896K, reserved 1091584K
  class space    used 6134K, capacity 6617K, committed 6656K, reserved 1048576K
}
Event: 18.227 GC heap after
{Heap after GC invocations=49 (full 0):
 garbage-first heap   total 122880K, used 57917K [0x0000000080000000, 0x0000000100000000)
  region size 1024K, 6 young (6144K), 6 survivors (6144K)
 Metaspace       used 47361K, capacity 48630K, committed 48896K, reserved 1091584K
  class space    used 6134K, capacity 6617K, committed 6656K, reserved 1048576K
}
Event: 18.827 GC heap before
{Heap before GC invocations=49 (full 0):
 garbage-first heap   total 122880K, used 95805K [0x0000000080000000, 0x0000000100000000)
  region size 1024K, 43 young (44032K), 6 survivors (6144K)
 Metaspace       used 49555K, capacity 51043K, committed 51200K, reserved 1093632K
  class space    used 6279K, capacity 6818K, committed 6912K, reserved 1048576K
}
Event: 18.843 GC heap after
{Heap after GC invocations=50 (full 0):
 garbage-first heap   total 122880K, used 59463K [0x0000000080000000, 0x0000000100000000)
  region size 1024K, 2 young (2048K), 2 survivors (2048K)
 Metaspace       used 49555K, capacity 51043K, committed 51200K, reserved 1093632K
  class space    used 6279K, capacity 6818K, committed 6912K, reserved 1048576K
}
Event: 19.493 GC heap before
{Heap before GC invocations=50 (full 0):
 garbage-first heap   total 122880K, used 98375K [0x0000000080000000, 0x0000000100000000)
  region size 1024K, 40 young (40960K), 2 survivors (2048K)
 Metaspace       used 50995K, capacity 52417K, committed 52608K, reserved 1095680K
  class space    used 6481K, capacity 6977K, committed 7040K, reserved 1048576K
}
Event: 19.507 GC heap after
{Heap after GC invocations=51 (full 0):
 garbage-first heap   total 164864K, used 61743K [0x0000000080000000, 0x0000000100000000)
  region size 1024K, 5 young (5120K), 5 survivors (5120K)
 Metaspace       used 50995K, capacity 52417K, committed 52608K, reserved 1095680K
  class space    used 6481K, capacity 6977K, committed 7040K, reserved 1048576K
}
Event: 20.658 GC heap before
{Heap before GC invocations=52 (full 0):
 garbage-first heap   total 164864K, used 111919K [0x0000000080000000, 0x0000000100000000)
  region size 1024K, 54 young (55296K), 5 survivors (5120K)
 Metaspace       used 53982K, capacity 55626K, committed 55680K, reserved 1097728K
  class space    used 6964K, capacity 7517K, committed 7552K, reserved 1048576K
}
Event: 20.673 GC heap after
{Heap after GC invocations=53 (full 0):
 garbage-first heap   total 164864K, used 64132K [0x0000000080000000, 0x0000000100000000)
  region size 1024K, 5 young (5120K), 5 survivors (5120K)
 Metaspace       used 53982K, capacity 55626K, committed 55680K, reserved 1097728K
  class space    used 6964K, capacity 7517K, committed 7552K, reserved 1048576K
}
Event: 24.775 GC heap before
{Heap before GC invocations=53 (full 0):
 garbage-first heap   total 164864K, used 131716K [0x0000000080000000, 0x0000000100000000)
  region size 1024K, 68 young (69632K), 5 survivors (5120K)
 Metaspace       used 56999K, capacity 58817K, committed 58880K, reserved 1099776K
  class space    used 7315K, capacity 7927K, committed 7936K, reserved 1048576K
}
Event: 24.794 GC heap after
{Heap after GC invocations=54 (full 0):
 garbage-first heap   total 164864K, used 75588K [0x0000000080000000, 0x0000000100000000)
  region size 1024K, 9 young (9216K), 9 survivors (9216K)
 Metaspace       used 56999K, capacity 58817K, committed 58880K, reserved 1099776K
  class space    used 7315K, capacity 7927K, committed 7936K, reserved 1048576K
}
Event: 26.112 GC heap before
{Heap before GC invocations=54 (full 0):
 garbage-first heap   total 164864K, used 129860K [0x0000000080000000, 0x0000000100000000)
  region size 1024K, 62 young (63488K), 9 survivors (9216K)
 Metaspace       used 65173K, capacity 67153K, committed 67456K, reserved 1107968K
  class space    used 8328K, capacity 8996K, committed 9088K, reserved 1048576K
}
Event: 26.131 GC heap after
{Heap after GC invocations=55 (full 0):
 garbage-first heap   total 164864K, used 78437K [0x0000000080000000, 0x0000000100000000)
  region size 1024K, 3 young (3072K), 3 survivors (3072K)
 Metaspace       used 65173K, capacity 67153K, committed 67456K, reserved 1107968K
  class space    used 8328K, capacity 8996K, committed 9088K, reserved 1048576K
}

